<?xml version="1.0"?>
<!DOCTYPE coverage SYSTEM "http://cobertura.sourceforge.net/xml/coverage-04.dtd">

<coverage line-rate="1.0" branch-rate="0.9888888888888889" lines-covered="461" lines-valid="461" branches-covered="89" branches-valid="90" complexity="1.3511111111111112" version="2.1.1" timestamp="1482834877009">
	<sources>
		<source>/var/lib/openshift/540b2c664382ec0a4f000622/app-root/data/workspace/FlossWare-jCore/target/generated-sources/annotations</source>
		<source>--source</source>
		<source>/var/lib/openshift/540b2c664382ec0a4f000622/app-root/data/workspace/FlossWare-jCore/src/main/java</source>
	</sources>
	<packages>
		<package name="org.flossware.jcore" line-rate="1.0" branch-rate="1.0" complexity="1.0">
			<classes>
				<class name="org.flossware.jcore.AbstractCommonBase" filename="org/flossware/jcore/AbstractCommonBase.java" line-rate="1.0" branch-rate="1.0" complexity="1.0">
					<methods>
						<method name="&lt;init&gt;" signature="()V" line-rate="1.0" branch-rate="1.0" complexity="0">
							<lines>
								<line number="38" hits="101" branch="false"/>
								<line number="39" hits="101" branch="false"/>
								<line number="40" hits="101" branch="false"/>
							</lines>
						</method>
						<method name="getLogger" signature="()Ljava/util/logging/Logger;" line-rate="1.0" branch-rate="1.0" complexity="0">
							<lines>
								<line number="48" hits="411" branch="false"/>
							</lines>
						</method>
						<method name="log" signature="(Ljava/util/logging/Level;Ljava/lang/String;[Ljava/lang/Object;)V" line-rate="1.0" branch-rate="1.0" complexity="0">
							<lines>
								<line number="59" hits="126" branch="false"/>
								<line number="60" hits="126" branch="false"/>
							</lines>
						</method>
						<method name="logAndReturn" signature="(Ljava/util/logging/Level;Ljava/lang/String;Ljava/lang/Object;)Ljava/lang/Object;" line-rate="1.0" branch-rate="1.0" complexity="0">
							<lines>
								<line number="74" hits="75" branch="false"/>
							</lines>
						</method>
						<method name="logAndReturn" signature="(Ljava/util/logging/Level;Ljava/lang/String;[Ljava/lang/Object;)Ljava/lang/Object;" line-rate="1.0" branch-rate="1.0" complexity="0">
							<lines>
								<line number="106" hits="186" branch="false"/>
							</lines>
						</method>
						<method name="logAndReturnByIndex" signature="(Ljava/util/logging/Level;Ljava/lang/String;I[Ljava/lang/Object;)Ljava/lang/Object;" line-rate="1.0" branch-rate="1.0" complexity="0">
							<lines>
								<line number="91" hits="8" branch="false"/>
							</lines>
						</method>
					</methods>
					<lines>
						<line number="38" hits="101" branch="false"/>
						<line number="39" hits="101" branch="false"/>
						<line number="40" hits="101" branch="false"/>
						<line number="48" hits="411" branch="false"/>
						<line number="59" hits="126" branch="false"/>
						<line number="60" hits="126" branch="false"/>
						<line number="74" hits="75" branch="false"/>
						<line number="91" hits="8" branch="false"/>
						<line number="106" hits="186" branch="false"/>
					</lines>
				</class>
				<class name="org.flossware.jcore.AbstractStringifiable" filename="org/flossware/jcore/AbstractStringifiable.java" line-rate="1.0" branch-rate="1.0" complexity="1.0">
					<methods>
						<method name="&lt;clinit&gt;" signature="()V" line-rate="1.0" branch-rate="1.0" complexity="0">
							<lines>
								<line number="13" hits="1" branch="false"/>
							</lines>
						</method>
						<method name="&lt;init&gt;" signature="()V" line-rate="1.0" branch-rate="1.0" complexity="0">
							<lines>
								<line number="18" hits="14" branch="false"/>
								<line number="19" hits="14" branch="false"/>
							</lines>
						</method>
						<method name="toString" signature="()Ljava/lang/String;" line-rate="1.0" branch-rate="1.0" complexity="0">
							<lines>
								<line number="44" hits="1" branch="false"/>
							</lines>
						</method>
						<method name="toStringBuilder" signature="(Ljava/lang/String;)Ljava/lang/StringBuilder;" line-rate="1.0" branch-rate="1.0" complexity="0">
							<lines>
								<line number="34" hits="2" branch="false"/>
							</lines>
						</method>
						<method name="toStringBuilder" signature="(Ljava/lang/StringBuilder;)Ljava/lang/StringBuilder;" line-rate="1.0" branch-rate="1.0" complexity="0">
							<lines>
								<line number="26" hits="2" branch="false"/>
							</lines>
						</method>
					</methods>
					<lines>
						<line number="13" hits="1" branch="false"/>
						<line number="18" hits="14" branch="false"/>
						<line number="19" hits="14" branch="false"/>
						<line number="26" hits="2" branch="false"/>
						<line number="34" hits="2" branch="false"/>
						<line number="44" hits="1" branch="false"/>
					</lines>
				</class>
				<class name="org.flossware.jcore.Filter" filename="org/flossware/jcore/Filter.java" line-rate="1.0" branch-rate="1.0" complexity="1.0">
					<methods>
					</methods>
					<lines>
					</lines>
				</class>
				<class name="org.flossware.jcore.Stringifiable" filename="org/flossware/jcore/Stringifiable.java" line-rate="1.0" branch-rate="1.0" complexity="1.0">
					<methods>
					</methods>
					<lines>
					</lines>
				</class>
			</classes>
		</package>
		<package name="org.flossware.jcore.collections" line-rate="1.0" branch-rate="1.0" complexity="1.3333333333333333">
			<classes>
				<class name="org.flossware.jcore.collections.ArrayIterable" filename="org/flossware/jcore/collections/ArrayIterable.java" line-rate="1.0" branch-rate="1.0" complexity="1.0">
					<methods>
						<method name="&lt;init&gt;" signature="([Ljava/lang/Object;)V" line-rate="1.0" branch-rate="1.0" complexity="0">
							<lines>
								<line number="39" hits="2" branch="false"/>
								<line number="40" hits="2" branch="false"/>
								<line number="41" hits="1" branch="false"/>
							</lines>
						</method>
						<method name="iterator" signature="()Ljava/util/Iterator;" line-rate="1.0" branch-rate="1.0" complexity="0">
							<lines>
								<line number="48" hits="1" branch="false"/>
							</lines>
						</method>
					</methods>
					<lines>
						<line number="39" hits="2" branch="false"/>
						<line number="40" hits="2" branch="false"/>
						<line number="41" hits="1" branch="false"/>
						<line number="48" hits="1" branch="false"/>
					</lines>
				</class>
				<class name="org.flossware.jcore.collections.ArrayIterator" filename="org/flossware/jcore/collections/ArrayIterator.java" line-rate="1.0" branch-rate="1.0" complexity="1.4285714285714286">
					<methods>
						<method name="&lt;init&gt;" signature="([Ljava/lang/Object;)V" line-rate="1.0" branch-rate="1.0" complexity="0">
							<lines>
								<line number="96" hits="14" branch="false"/>
								<line number="97" hits="14" branch="false"/>
								<line number="98" hits="13" branch="false"/>
								<line number="99" hits="13" branch="false"/>
							</lines>
						</method>
						<method name="ensureNext" signature="()V" line-rate="1.0" branch-rate="1.0" complexity="0">
							<lines>
								<line number="84" hits="19" branch="true" condition-coverage="100% (2/2)">
									<conditions>
										<condition number="0" type="jump" coverage="100%"/>
									</conditions>
								</line>
								<line number="85" hits="5" branch="false"/>
								<line number="87" hits="5" branch="false"/>
								<line number="89" hits="14" branch="false"/>
							</lines>
						</method>
						<method name="getIndex" signature="()Ljava/util/concurrent/atomic/AtomicInteger;" line-rate="1.0" branch-rate="1.0" complexity="0">
							<lines>
								<line number="75" hits="48" branch="false"/>
							</lines>
						</method>
						<method name="getValues" signature="()[Ljava/lang/Object;" line-rate="1.0" branch-rate="1.0" complexity="0">
							<lines>
								<line number="66" hits="48" branch="false"/>
							</lines>
						</method>
						<method name="hasNext" signature="()Z" line-rate="1.0" branch-rate="1.0" complexity="0">
							<lines>
								<line number="106" hits="11" branch="true" condition-coverage="100% (2/2)">
									<conditions>
										<condition number="0" type="jump" coverage="100%"/>
									</conditions>
								</line>
							</lines>
						</method>
						<method name="next" signature="()Ljava/lang/Object;" line-rate="1.0" branch-rate="1.0" complexity="0">
							<lines>
								<line number="114" hits="17" branch="false"/>
								<line number="116" hits="13" branch="false"/>
							</lines>
						</method>
						<method name="remove" signature="()V" line-rate="1.0" branch-rate="1.0" complexity="0">
							<lines>
								<line number="124" hits="2" branch="false"/>
								<line number="126" hits="2" branch="false"/>
							</lines>
						</method>
					</methods>
					<lines>
						<line number="66" hits="48" branch="false"/>
						<line number="75" hits="48" branch="false"/>
						<line number="84" hits="19" branch="true" condition-coverage="100% (2/2)">
							<conditions>
								<condition number="0" type="jump" coverage="100%"/>
							</conditions>
						</line>
						<line number="85" hits="5" branch="false"/>
						<line number="87" hits="5" branch="false"/>
						<line number="89" hits="14" branch="false"/>
						<line number="96" hits="14" branch="false"/>
						<line number="97" hits="14" branch="false"/>
						<line number="98" hits="13" branch="false"/>
						<line number="99" hits="13" branch="false"/>
						<line number="106" hits="11" branch="true" condition-coverage="100% (2/2)">
							<conditions>
								<condition number="0" type="jump" coverage="100%"/>
							</conditions>
						</line>
						<line number="114" hits="17" branch="false"/>
						<line number="116" hits="13" branch="false"/>
						<line number="124" hits="2" branch="false"/>
						<line number="126" hits="2" branch="false"/>
					</lines>
				</class>
			</classes>
		</package>
		<package name="org.flossware.jcore.collections.collection" line-rate="1.0" branch-rate="1.0" complexity="1.0">
			<classes>
				<class name="org.flossware.jcore.collections.collection.AbstractFunctionalCollection" filename="org/flossware/jcore/collections/collection/AbstractFunctionalCollection.java" line-rate="1.0" branch-rate="1.0" complexity="1.0">
					<methods>
						<method name="&lt;init&gt;" signature="()V" line-rate="1.0" branch-rate="1.0" complexity="0">
							<lines>
								<line number="34" hits="21" branch="false"/>
								<line number="35" hits="21" branch="false"/>
							</lines>
						</method>
						<method name="add" signature="(Ljava/lang/Object;)Z" line-rate="1.0" branch-rate="1.0" complexity="0">
							<lines>
								<line number="147" hits="54" branch="false"/>
							</lines>
						</method>
						<method name="addAll" signature="(Ljava/util/Collection;)Z" line-rate="1.0" branch-rate="1.0" complexity="0">
							<lines>
								<line number="171" hits="11" branch="false"/>
							</lines>
						</method>
						<method name="addAllF" signature="(Ljava/util/Collection;)Lorg/flossware/jcore/collections/collection/FunctionalCollection;" line-rate="1.0" branch-rate="1.0" complexity="0">
							<lines>
								<line number="75" hits="10" branch="false"/>
								<line number="77" hits="10" branch="false"/>
								<line number="79" hits="10" branch="false"/>
							</lines>
						</method>
						<method name="addF" signature="(Ljava/lang/Object;)Lorg/flossware/jcore/collections/collection/FunctionalCollection;" line-rate="1.0" branch-rate="1.0" complexity="0">
							<lines>
								<line number="51" hits="33" branch="false"/>
								<line number="53" hits="33" branch="false"/>
								<line number="55" hits="33" branch="false"/>
							</lines>
						</method>
						<method name="clear" signature="()V" line-rate="1.0" branch-rate="1.0" complexity="0">
							<lines>
								<line number="195" hits="1" branch="false"/>
								<line number="197" hits="1" branch="false"/>
								<line number="198" hits="1" branch="false"/>
							</lines>
						</method>
						<method name="contains" signature="(Ljava/lang/Object;)Z" line-rate="1.0" branch-rate="1.0" complexity="0">
							<lines>
								<line number="115" hits="7" branch="false"/>
							</lines>
						</method>
						<method name="containsAll" signature="(Ljava/util/Collection;)Z" line-rate="1.0" branch-rate="1.0" complexity="0">
							<lines>
								<line number="163" hits="2" branch="false"/>
							</lines>
						</method>
						<method name="isEmpty" signature="()Z" line-rate="1.0" branch-rate="1.0" complexity="0">
							<lines>
								<line number="107" hits="14" branch="false"/>
							</lines>
						</method>
						<method name="iterator" signature="()Ljava/util/Iterator;" line-rate="1.0" branch-rate="1.0" complexity="0">
							<lines>
								<line number="123" hits="1" branch="false"/>
							</lines>
						</method>
						<method name="remove" signature="(Ljava/lang/Object;)Z" line-rate="1.0" branch-rate="1.0" complexity="0">
							<lines>
								<line number="155" hits="27" branch="false"/>
							</lines>
						</method>
						<method name="removeAll" signature="(Ljava/util/Collection;)Z" line-rate="1.0" branch-rate="1.0" complexity="0">
							<lines>
								<line number="187" hits="7" branch="false"/>
							</lines>
						</method>
						<method name="removeAllF" signature="(Ljava/util/Collection;)Lorg/flossware/jcore/collections/collection/FunctionalCollection;" line-rate="1.0" branch-rate="1.0" complexity="0">
							<lines>
								<line number="87" hits="6" branch="false"/>
								<line number="89" hits="6" branch="false"/>
								<line number="91" hits="6" branch="false"/>
							</lines>
						</method>
						<method name="removeF" signature="(Ljava/lang/Object;)Lorg/flossware/jcore/collections/collection/FunctionalCollection;" line-rate="1.0" branch-rate="1.0" complexity="0">
							<lines>
								<line number="63" hits="8" branch="false"/>
								<line number="65" hits="8" branch="false"/>
								<line number="67" hits="8" branch="false"/>
							</lines>
						</method>
						<method name="retainAll" signature="(Ljava/util/Collection;)Z" line-rate="1.0" branch-rate="1.0" complexity="0">
							<lines>
								<line number="179" hits="1" branch="false"/>
							</lines>
						</method>
						<method name="size" signature="()I" line-rate="1.0" branch-rate="1.0" complexity="0">
							<lines>
								<line number="99" hits="16" branch="false"/>
							</lines>
						</method>
						<method name="toArray" signature="()[Ljava/lang/Object;" line-rate="1.0" branch-rate="1.0" complexity="0">
							<lines>
								<line number="131" hits="1" branch="false"/>
							</lines>
						</method>
						<method name="toArray" signature="([Ljava/lang/Object;)[Ljava/lang/Object;" line-rate="1.0" branch-rate="1.0" complexity="0">
							<lines>
								<line number="139" hits="3" branch="false"/>
							</lines>
						</method>
					</methods>
					<lines>
						<line number="34" hits="21" branch="false"/>
						<line number="35" hits="21" branch="false"/>
						<line number="51" hits="33" branch="false"/>
						<line number="53" hits="33" branch="false"/>
						<line number="55" hits="33" branch="false"/>
						<line number="63" hits="8" branch="false"/>
						<line number="65" hits="8" branch="false"/>
						<line number="67" hits="8" branch="false"/>
						<line number="75" hits="10" branch="false"/>
						<line number="77" hits="10" branch="false"/>
						<line number="79" hits="10" branch="false"/>
						<line number="87" hits="6" branch="false"/>
						<line number="89" hits="6" branch="false"/>
						<line number="91" hits="6" branch="false"/>
						<line number="99" hits="16" branch="false"/>
						<line number="107" hits="14" branch="false"/>
						<line number="115" hits="7" branch="false"/>
						<line number="123" hits="1" branch="false"/>
						<line number="131" hits="1" branch="false"/>
						<line number="139" hits="3" branch="false"/>
						<line number="147" hits="54" branch="false"/>
						<line number="155" hits="27" branch="false"/>
						<line number="163" hits="2" branch="false"/>
						<line number="171" hits="11" branch="false"/>
						<line number="179" hits="1" branch="false"/>
						<line number="187" hits="7" branch="false"/>
						<line number="195" hits="1" branch="false"/>
						<line number="197" hits="1" branch="false"/>
						<line number="198" hits="1" branch="false"/>
					</lines>
				</class>
				<class name="org.flossware.jcore.collections.collection.DefaultFunctionalCollection" filename="org/flossware/jcore/collections/collection/DefaultFunctionalCollection.java" line-rate="1.0" branch-rate="1.0" complexity="1.0">
					<methods>
						<method name="&lt;init&gt;" signature="(Ljava/util/Collection;)V" line-rate="1.0" branch-rate="1.0" complexity="0">
							<lines>
								<line number="49" hits="4" branch="false"/>
								<line number="50" hits="4" branch="false"/>
								<line number="51" hits="4" branch="false"/>
							</lines>
						</method>
						<method name="getCollection" signature="()Ljava/util/Collection;" line-rate="1.0" branch-rate="1.0" complexity="0">
							<lines>
								<line number="39" hits="34" branch="false"/>
							</lines>
						</method>
					</methods>
					<lines>
						<line number="39" hits="34" branch="false"/>
						<line number="49" hits="4" branch="false"/>
						<line number="50" hits="4" branch="false"/>
						<line number="51" hits="4" branch="false"/>
					</lines>
				</class>
				<class name="org.flossware.jcore.collections.collection.FunctionalCollection" filename="org/flossware/jcore/collections/collection/FunctionalCollection.java" line-rate="1.0" branch-rate="1.0" complexity="1.0">
					<methods>
					</methods>
					<lines>
					</lines>
				</class>
			</classes>
		</package>
		<package name="org.flossware.jcore.collections.map" line-rate="1.0" branch-rate="1.0" complexity="1.0">
			<classes>
				<class name="org.flossware.jcore.collections.map.AbstractFunctionalMap" filename="org/flossware/jcore/collections/map/AbstractFunctionalMap.java" line-rate="1.0" branch-rate="1.0" complexity="1.0">
					<methods>
						<method name="&lt;init&gt;" signature="()V" line-rate="1.0" branch-rate="1.0" complexity="0">
							<lines>
								<line number="38" hits="18" branch="false"/>
								<line number="39" hits="18" branch="false"/>
							</lines>
						</method>
						<method name="clear" signature="()V" line-rate="1.0" branch-rate="1.0" complexity="0">
							<lines>
								<line number="152" hits="1" branch="false"/>
								<line number="154" hits="1" branch="false"/>
								<line number="155" hits="1" branch="false"/>
							</lines>
						</method>
						<method name="containsKey" signature="(Ljava/lang/Object;)Z" line-rate="1.0" branch-rate="1.0" complexity="0">
							<lines>
								<line number="102" hits="5" branch="false"/>
							</lines>
						</method>
						<method name="containsValue" signature="(Ljava/lang/Object;)Z" line-rate="1.0" branch-rate="1.0" complexity="0">
							<lines>
								<line number="110" hits="3" branch="false"/>
							</lines>
						</method>
						<method name="entrySet" signature="()Ljava/util/Set;" line-rate="1.0" branch-rate="1.0" complexity="0">
							<lines>
								<line number="178" hits="1" branch="false"/>
							</lines>
						</method>
						<method name="get" signature="(Ljava/lang/Object;)Ljava/lang/Object;" line-rate="1.0" branch-rate="1.0" complexity="0">
							<lines>
								<line number="118" hits="3" branch="false"/>
							</lines>
						</method>
						<method name="isEmpty" signature="()Z" line-rate="1.0" branch-rate="1.0" complexity="0">
							<lines>
								<line number="94" hits="10" branch="false"/>
							</lines>
						</method>
						<method name="keySet" signature="()Ljava/util/Set;" line-rate="1.0" branch-rate="1.0" complexity="0">
							<lines>
								<line number="162" hits="1" branch="false"/>
							</lines>
						</method>
						<method name="put" signature="(Ljava/lang/Object;Ljava/lang/Object;)Ljava/lang/Object;" line-rate="1.0" branch-rate="1.0" complexity="0">
							<lines>
								<line number="126" hits="38" branch="false"/>
							</lines>
						</method>
						<method name="putAll" signature="(Ljava/util/Map;)V" line-rate="1.0" branch-rate="1.0" complexity="0">
							<lines>
								<line number="142" hits="5" branch="false"/>
								<line number="144" hits="5" branch="false"/>
								<line number="145" hits="5" branch="false"/>
							</lines>
						</method>
						<method name="putAllF" signature="(Ljava/util/Map;)Lorg/flossware/jcore/collections/map/FunctionalMap;" line-rate="1.0" branch-rate="1.0" complexity="0">
							<lines>
								<line number="63" hits="4" branch="false"/>
								<line number="65" hits="4" branch="false"/>
								<line number="67" hits="4" branch="false"/>
							</lines>
						</method>
						<method name="putF" signature="(Ljava/lang/Object;Ljava/lang/Object;)Lorg/flossware/jcore/collections/map/FunctionalMap;" line-rate="1.0" branch-rate="1.0" complexity="0">
							<lines>
								<line number="52" hits="34" branch="false"/>
								<line number="54" hits="34" branch="false"/>
								<line number="56" hits="34" branch="false"/>
							</lines>
						</method>
						<method name="remove" signature="(Ljava/lang/Object;)Ljava/lang/Object;" line-rate="1.0" branch-rate="1.0" complexity="0">
							<lines>
								<line number="134" hits="25" branch="false"/>
							</lines>
						</method>
						<method name="removeF" signature="(Ljava/lang/Object;)Lorg/flossware/jcore/collections/map/FunctionalMap;" line-rate="1.0" branch-rate="1.0" complexity="0">
							<lines>
								<line number="74" hits="8" branch="false"/>
								<line number="76" hits="8" branch="false"/>
								<line number="78" hits="8" branch="false"/>
							</lines>
						</method>
						<method name="size" signature="()I" line-rate="1.0" branch-rate="1.0" complexity="0">
							<lines>
								<line number="86" hits="6" branch="false"/>
							</lines>
						</method>
						<method name="values" signature="()Ljava/util/Collection;" line-rate="1.0" branch-rate="1.0" complexity="0">
							<lines>
								<line number="170" hits="1" branch="false"/>
							</lines>
						</method>
					</methods>
					<lines>
						<line number="38" hits="18" branch="false"/>
						<line number="39" hits="18" branch="false"/>
						<line number="52" hits="34" branch="false"/>
						<line number="54" hits="34" branch="false"/>
						<line number="56" hits="34" branch="false"/>
						<line number="63" hits="4" branch="false"/>
						<line number="65" hits="4" branch="false"/>
						<line number="67" hits="4" branch="false"/>
						<line number="74" hits="8" branch="false"/>
						<line number="76" hits="8" branch="false"/>
						<line number="78" hits="8" branch="false"/>
						<line number="86" hits="6" branch="false"/>
						<line number="94" hits="10" branch="false"/>
						<line number="102" hits="5" branch="false"/>
						<line number="110" hits="3" branch="false"/>
						<line number="118" hits="3" branch="false"/>
						<line number="126" hits="38" branch="false"/>
						<line number="134" hits="25" branch="false"/>
						<line number="142" hits="5" branch="false"/>
						<line number="144" hits="5" branch="false"/>
						<line number="145" hits="5" branch="false"/>
						<line number="152" hits="1" branch="false"/>
						<line number="154" hits="1" branch="false"/>
						<line number="155" hits="1" branch="false"/>
						<line number="162" hits="1" branch="false"/>
						<line number="170" hits="1" branch="false"/>
						<line number="178" hits="1" branch="false"/>
					</lines>
				</class>
				<class name="org.flossware.jcore.collections.map.DefaultFunctionalMap" filename="org/flossware/jcore/collections/map/DefaultFunctionalMap.java" line-rate="1.0" branch-rate="1.0" complexity="1.0">
					<methods>
						<method name="&lt;init&gt;" signature="(Ljava/util/Map;)V" line-rate="1.0" branch-rate="1.0" complexity="0">
							<lines>
								<line number="49" hits="3" branch="false"/>
								<line number="50" hits="3" branch="false"/>
								<line number="51" hits="3" branch="false"/>
							</lines>
						</method>
						<method name="getMap" signature="()Ljava/util/Map;" line-rate="1.0" branch-rate="1.0" complexity="0">
							<lines>
								<line number="39" hits="24" branch="false"/>
							</lines>
						</method>
					</methods>
					<lines>
						<line number="39" hits="24" branch="false"/>
						<line number="49" hits="3" branch="false"/>
						<line number="50" hits="3" branch="false"/>
						<line number="51" hits="3" branch="false"/>
					</lines>
				</class>
				<class name="org.flossware.jcore.collections.map.FunctionalMap" filename="org/flossware/jcore/collections/map/FunctionalMap.java" line-rate="1.0" branch-rate="1.0" complexity="1.0">
					<methods>
					</methods>
					<lines>
					</lines>
				</class>
			</classes>
		</package>
		<package name="org.flossware.jcore.io" line-rate="1.0" branch-rate="1.0" complexity="1.1904761904761905">
			<classes>
				<class name="org.flossware.jcore.io.ByteArrayOutputStreamFactory" filename="org/flossware/jcore/io/ByteArrayOutputStreamFactory.java" line-rate="1.0" branch-rate="1.0" complexity="1.0">
					<methods>
						<method name="&lt;init&gt;" signature="()V" line-rate="1.0" branch-rate="1.0" complexity="0">
							<lines>
								<line number="27" hits="3" branch="false"/>
							</lines>
						</method>
						<method name="createOutputStream" signature="()Ljava/io/OutputStream;" line-rate="1.0" branch-rate="1.0" complexity="0">
							<lines>
								<line number="34" hits="15" branch="false"/>
							</lines>
						</method>
					</methods>
					<lines>
						<line number="27" hits="3" branch="false"/>
						<line number="34" hits="15" branch="false"/>
					</lines>
				</class>
				<class name="org.flossware.jcore.io.FileException" filename="org/flossware/jcore/io/FileException.java" line-rate="1.0" branch-rate="1.0" complexity="1.0">
					<methods>
						<method name="&lt;init&gt;" signature="()V" line-rate="1.0" branch-rate="1.0" complexity="0">
							<lines>
								<line number="29" hits="1" branch="false"/>
								<line number="30" hits="1" branch="false"/>
							</lines>
						</method>
						<method name="&lt;init&gt;" signature="(Ljava/lang/String;)V" line-rate="1.0" branch-rate="1.0" complexity="0">
							<lines>
								<line number="38" hits="1" branch="false"/>
								<line number="39" hits="1" branch="false"/>
							</lines>
						</method>
						<method name="&lt;init&gt;" signature="(Ljava/lang/String;Ljava/lang/Throwable;)V" line-rate="1.0" branch-rate="1.0" complexity="0">
							<lines>
								<line number="57" hits="1" branch="false"/>
								<line number="58" hits="1" branch="false"/>
							</lines>
						</method>
						<method name="&lt;init&gt;" signature="(Ljava/lang/Throwable;)V" line-rate="1.0" branch-rate="1.0" complexity="0">
							<lines>
								<line number="47" hits="3" branch="false"/>
								<line number="48" hits="3" branch="false"/>
							</lines>
						</method>
					</methods>
					<lines>
						<line number="29" hits="1" branch="false"/>
						<line number="30" hits="1" branch="false"/>
						<line number="38" hits="1" branch="false"/>
						<line number="39" hits="1" branch="false"/>
						<line number="47" hits="3" branch="false"/>
						<line number="48" hits="3" branch="false"/>
						<line number="57" hits="1" branch="false"/>
						<line number="58" hits="1" branch="false"/>
					</lines>
				</class>
				<class name="org.flossware.jcore.io.FileMonitor" filename="org/flossware/jcore/io/FileMonitor.java" line-rate="1.0" branch-rate="1.0" complexity="1.5714285714285714">
					<methods>
						<method name="&lt;init&gt;" signature="(Ljava/io/File;)V" line-rate="1.0" branch-rate="1.0" complexity="0">
							<lines>
								<line number="64" hits="9" branch="false"/>
								<line number="65" hits="9" branch="false"/>
								<line number="66" hits="8" branch="false"/>
								<line number="67" hits="8" branch="false"/>
							</lines>
						</method>
						<method name="&lt;init&gt;" signature="(Ljava/lang/String;)V" line-rate="1.0" branch-rate="1.0" complexity="0">
							<lines>
								<line number="75" hits="4" branch="false"/>
								<line number="76" hits="1" branch="false"/>
							</lines>
						</method>
						<method name="exists" signature="()Z" line-rate="1.0" branch-rate="1.0" complexity="0">
							<lines>
								<line number="94" hits="9" branch="false"/>
							</lines>
						</method>
						<method name="getFile" signature="()Ljava/io/File;" line-rate="1.0" branch-rate="1.0" complexity="0">
							<lines>
								<line number="84" hits="39" branch="false"/>
							</lines>
						</method>
						<method name="getLastModifiedObserved" signature="()Ljava/util/concurrent/atomic/AtomicLong;" line-rate="1.0" branch-rate="1.0" complexity="0">
							<lines>
								<line number="56" hits="13" branch="false"/>
							</lines>
						</method>
						<method name="isChanged" signature="()Z" line-rate="1.0" branch-rate="1.0" complexity="0">
							<lines>
								<line number="104" hits="7" branch="true" condition-coverage="100% (2/2)">
									<conditions>
										<condition number="0" type="jump" coverage="100%"/>
									</conditions>
								</line>
								<line number="105" hits="3" branch="false"/>
								<line number="108" hits="4" branch="false"/>
								<line number="110" hits="4" branch="true" condition-coverage="100% (2/2)">
									<conditions>
										<condition number="0" type="jump" coverage="100%"/>
									</conditions>
								</line>
								<line number="111" hits="2" branch="false"/>
								<line number="114" hits="2" branch="false"/>
								<line number="116" hits="2" branch="false"/>
								<line number="118" hits="2" branch="false"/>
							</lines>
						</method>
						<method name="toStringBuilder" signature="(Ljava/lang/StringBuilder;Ljava/lang/String;)Ljava/lang/StringBuilder;" line-rate="1.0" branch-rate="1.0" complexity="0">
							<lines>
								<line number="126" hits="1" branch="false"/>
							</lines>
						</method>
					</methods>
					<lines>
						<line number="56" hits="13" branch="false"/>
						<line number="64" hits="9" branch="false"/>
						<line number="65" hits="9" branch="false"/>
						<line number="66" hits="8" branch="false"/>
						<line number="67" hits="8" branch="false"/>
						<line number="75" hits="4" branch="false"/>
						<line number="76" hits="1" branch="false"/>
						<line number="84" hits="39" branch="false"/>
						<line number="94" hits="9" branch="false"/>
						<line number="104" hits="7" branch="true" condition-coverage="100% (2/2)">
							<conditions>
								<condition number="0" type="jump" coverage="100%"/>
							</conditions>
						</line>
						<line number="105" hits="3" branch="false"/>
						<line number="108" hits="4" branch="false"/>
						<line number="110" hits="4" branch="true" condition-coverage="100% (2/2)">
							<conditions>
								<condition number="0" type="jump" coverage="100%"/>
							</conditions>
						</line>
						<line number="111" hits="2" branch="false"/>
						<line number="114" hits="2" branch="false"/>
						<line number="116" hits="2" branch="false"/>
						<line number="118" hits="2" branch="false"/>
						<line number="126" hits="1" branch="false"/>
					</lines>
				</class>
				<class name="org.flossware.jcore.io.IoException" filename="org/flossware/jcore/io/IoException.java" line-rate="1.0" branch-rate="1.0" complexity="1.0">
					<methods>
						<method name="&lt;init&gt;" signature="()V" line-rate="1.0" branch-rate="1.0" complexity="0">
							<lines>
								<line number="29" hits="1" branch="false"/>
								<line number="31" hits="1" branch="false"/>
							</lines>
						</method>
						<method name="&lt;init&gt;" signature="(Ljava/lang/String;)V" line-rate="1.0" branch-rate="1.0" complexity="0">
							<lines>
								<line number="39" hits="1" branch="false"/>
								<line number="40" hits="1" branch="false"/>
							</lines>
						</method>
						<method name="&lt;init&gt;" signature="(Ljava/lang/String;Ljava/lang/Throwable;)V" line-rate="1.0" branch-rate="1.0" complexity="0">
							<lines>
								<line number="58" hits="1" branch="false"/>
								<line number="59" hits="1" branch="false"/>
							</lines>
						</method>
						<method name="&lt;init&gt;" signature="(Ljava/lang/Throwable;)V" line-rate="1.0" branch-rate="1.0" complexity="0">
							<lines>
								<line number="48" hits="1" branch="false"/>
								<line number="49" hits="1" branch="false"/>
							</lines>
						</method>
					</methods>
					<lines>
						<line number="29" hits="1" branch="false"/>
						<line number="31" hits="1" branch="false"/>
						<line number="39" hits="1" branch="false"/>
						<line number="40" hits="1" branch="false"/>
						<line number="48" hits="1" branch="false"/>
						<line number="49" hits="1" branch="false"/>
						<line number="58" hits="1" branch="false"/>
						<line number="59" hits="1" branch="false"/>
					</lines>
				</class>
				<class name="org.flossware.jcore.io.OutputStreamFactory" filename="org/flossware/jcore/io/OutputStreamFactory.java" line-rate="1.0" branch-rate="1.0" complexity="1.0">
					<methods>
					</methods>
					<lines>
					</lines>
				</class>
				<class name="org.flossware.jcore.io.UrlException" filename="org/flossware/jcore/io/UrlException.java" line-rate="1.0" branch-rate="1.0" complexity="1.0">
					<methods>
						<method name="&lt;init&gt;" signature="()V" line-rate="1.0" branch-rate="1.0" complexity="0">
							<lines>
								<line number="29" hits="1" branch="false"/>
								<line number="31" hits="1" branch="false"/>
							</lines>
						</method>
						<method name="&lt;init&gt;" signature="(Ljava/lang/String;)V" line-rate="1.0" branch-rate="1.0" complexity="0">
							<lines>
								<line number="39" hits="1" branch="false"/>
								<line number="40" hits="1" branch="false"/>
							</lines>
						</method>
						<method name="&lt;init&gt;" signature="(Ljava/lang/String;Ljava/lang/Throwable;)V" line-rate="1.0" branch-rate="1.0" complexity="0">
							<lines>
								<line number="58" hits="1" branch="false"/>
								<line number="59" hits="1" branch="false"/>
							</lines>
						</method>
						<method name="&lt;init&gt;" signature="(Ljava/lang/Throwable;)V" line-rate="1.0" branch-rate="1.0" complexity="0">
							<lines>
								<line number="48" hits="10" branch="false"/>
								<line number="49" hits="10" branch="false"/>
							</lines>
						</method>
					</methods>
					<lines>
						<line number="29" hits="1" branch="false"/>
						<line number="31" hits="1" branch="false"/>
						<line number="39" hits="1" branch="false"/>
						<line number="40" hits="1" branch="false"/>
						<line number="48" hits="10" branch="false"/>
						<line number="49" hits="10" branch="false"/>
						<line number="58" hits="1" branch="false"/>
						<line number="59" hits="1" branch="false"/>
					</lines>
				</class>
			</classes>
		</package>
		<package name="org.flossware.jcore.operation" line-rate="1.0" branch-rate="1.0" complexity="1.0">
			<classes>
				<class name="org.flossware.jcore.operation.Failure" filename="org/flossware/jcore/operation/Failure.java" line-rate="1.0" branch-rate="1.0" complexity="1.0">
					<methods>
					</methods>
					<lines>
					</lines>
				</class>
				<class name="org.flossware.jcore.operation.NullFailure" filename="org/flossware/jcore/operation/NullFailure.java" line-rate="1.0" branch-rate="1.0" complexity="1.0">
					<methods>
						<method name="&lt;init&gt;" signature="()V" line-rate="1.0" branch-rate="1.0" complexity="0">
							<lines>
								<line number="34" hits="1" branch="false"/>
								<line number="35" hits="1" branch="false"/>
							</lines>
						</method>
						<method name="failed" signature="(Ljava/lang/Object;Ljava/lang/Throwable;)V" line-rate="1.0" branch-rate="1.0" complexity="0">
							<lines>
								<line number="42" hits="1" branch="false"/>
								<line number="43" hits="1" branch="false"/>
							</lines>
						</method>
					</methods>
					<lines>
						<line number="34" hits="1" branch="false"/>
						<line number="35" hits="1" branch="false"/>
						<line number="42" hits="1" branch="false"/>
						<line number="43" hits="1" branch="false"/>
					</lines>
				</class>
				<class name="org.flossware.jcore.operation.NullPrepare" filename="org/flossware/jcore/operation/NullPrepare.java" line-rate="1.0" branch-rate="1.0" complexity="1.0">
					<methods>
						<method name="&lt;init&gt;" signature="()V" line-rate="1.0" branch-rate="1.0" complexity="0">
							<lines>
								<line number="34" hits="1" branch="false"/>
								<line number="35" hits="1" branch="false"/>
							</lines>
						</method>
						<method name="prepare" signature="(Ljava/lang/Object;)Ljava/lang/Object;" line-rate="1.0" branch-rate="1.0" complexity="0">
							<lines>
								<line number="42" hits="1" branch="false"/>
							</lines>
						</method>
					</methods>
					<lines>
						<line number="34" hits="1" branch="false"/>
						<line number="35" hits="1" branch="false"/>
						<line number="42" hits="1" branch="false"/>
					</lines>
				</class>
				<class name="org.flossware.jcore.operation.NullSuccess" filename="org/flossware/jcore/operation/NullSuccess.java" line-rate="1.0" branch-rate="1.0" complexity="1.0">
					<methods>
						<method name="&lt;init&gt;" signature="()V" line-rate="1.0" branch-rate="1.0" complexity="0">
							<lines>
								<line number="34" hits="1" branch="false"/>
								<line number="35" hits="1" branch="false"/>
							</lines>
						</method>
						<method name="succeeded" signature="(Ljava/lang/Object;)V" line-rate="1.0" branch-rate="1.0" complexity="0">
							<lines>
								<line number="42" hits="1" branch="false"/>
								<line number="43" hits="1" branch="false"/>
							</lines>
						</method>
					</methods>
					<lines>
						<line number="34" hits="1" branch="false"/>
						<line number="35" hits="1" branch="false"/>
						<line number="42" hits="1" branch="false"/>
						<line number="43" hits="1" branch="false"/>
					</lines>
				</class>
				<class name="org.flossware.jcore.operation.Prepare" filename="org/flossware/jcore/operation/Prepare.java" line-rate="1.0" branch-rate="1.0" complexity="1.0">
					<methods>
					</methods>
					<lines>
					</lines>
				</class>
				<class name="org.flossware.jcore.operation.Success" filename="org/flossware/jcore/operation/Success.java" line-rate="1.0" branch-rate="1.0" complexity="1.0">
					<methods>
					</methods>
					<lines>
					</lines>
				</class>
			</classes>
		</package>
		<package name="org.flossware.jcore.soap" line-rate="1.0" branch-rate="1.0" complexity="1.1904761904761905">
			<classes>
				<class name="org.flossware.jcore.soap.AbstractSoapHandler" filename="org/flossware/jcore/soap/AbstractSoapHandler.java" line-rate="1.0" branch-rate="1.0" complexity="1.5">
					<methods>
						<method name="&lt;init&gt;" signature="()V" line-rate="1.0" branch-rate="1.0" complexity="0">
							<lines>
								<line number="39" hits="24" branch="false"/>
								<line number="40" hits="24" branch="false"/>
							</lines>
						</method>
						<method name="close" signature="(Ljavax/xml/ws/handler/MessageContext;)V" line-rate="1.0" branch-rate="1.0" complexity="0">
							<lines>
								<line number="121" hits="2" branch="false"/>
								<line number="122" hits="2" branch="false"/>
							</lines>
						</method>
						<method name="getHeaders" signature="()Ljava/util/Set;" line-rate="1.0" branch-rate="1.0" complexity="0">
							<lines>
								<line number="78" hits="1" branch="false"/>
							</lines>
						</method>
						<method name="handleFault" signature="(Ljavax/xml/ws/handler/MessageContext;)Z" line-rate="1.0" branch-rate="1.0" complexity="0">
							<lines>
							</lines>
						</method>
						<method name="handleFault" signature="(Ljavax/xml/ws/handler/soap/SOAPMessageContext;)Z" line-rate="1.0" branch-rate="1.0" complexity="0">
							<lines>
								<line number="111" hits="2" branch="false"/>
								<line number="113" hits="2" branch="false"/>
							</lines>
						</method>
						<method name="handleMessage" signature="(Ljavax/xml/ws/handler/MessageContext;)Z" line-rate="1.0" branch-rate="1.0" complexity="0">
							<lines>
								<line number="34" hits="2" branch="false"/>
							</lines>
						</method>
						<method name="handleMessage" signature="(Ljavax/xml/ws/handler/soap/SOAPMessageContext;)Z" line-rate="1.0" branch-rate="1.0" complexity="0">
							<lines>
								<line number="86" hits="5" branch="false"/>
								<line number="89" hits="5" branch="true" condition-coverage="100% (2/2)">
									<conditions>
										<condition number="0" type="jump" coverage="100%"/>
									</conditions>
								</line>
								<line number="90" hits="2" branch="false"/>
								<line number="93" hits="3" branch="false"/>
								<line number="95" hits="2" branch="false"/>
								<line number="97" hits="2" branch="false"/>
								<line number="98" hits="2" branch="false"/>
								<line number="99" hits="2" branch="false"/>
								<line number="100" hits="2" branch="false"/>
								<line number="103" hits="2" branch="false"/>
							</lines>
						</method>
						<method name="processFailure" signature="(Ljavax/xml/soap/SOAPException;)V" line-rate="1.0" branch-rate="1.0" complexity="0">
							<lines>
								<line number="70" hits="3" branch="false"/>
								<line number="71" hits="3" branch="false"/>
							</lines>
						</method>
					</methods>
					<lines>
						<line number="34" hits="2" branch="false"/>
						<line number="39" hits="24" branch="false"/>
						<line number="40" hits="24" branch="false"/>
						<line number="70" hits="3" branch="false"/>
						<line number="71" hits="3" branch="false"/>
						<line number="78" hits="1" branch="false"/>
						<line number="86" hits="5" branch="false"/>
						<line number="89" hits="5" branch="true" condition-coverage="100% (2/2)">
							<conditions>
								<condition number="0" type="jump" coverage="100%"/>
							</conditions>
						</line>
						<line number="90" hits="2" branch="false"/>
						<line number="93" hits="3" branch="false"/>
						<line number="95" hits="2" branch="false"/>
						<line number="97" hits="2" branch="false"/>
						<line number="98" hits="2" branch="false"/>
						<line number="99" hits="2" branch="false"/>
						<line number="100" hits="2" branch="false"/>
						<line number="103" hits="2" branch="false"/>
						<line number="111" hits="2" branch="false"/>
						<line number="113" hits="2" branch="false"/>
						<line number="121" hits="2" branch="false"/>
						<line number="122" hits="2" branch="false"/>
					</lines>
				</class>
				<class name="org.flossware.jcore.soap.AbstractSoapRequestHandler" filename="org/flossware/jcore/soap/AbstractSoapRequestHandler.java" line-rate="1.0" branch-rate="1.0" complexity="1.0">
					<methods>
						<method name="&lt;init&gt;" signature="()V" line-rate="1.0" branch-rate="1.0" complexity="0">
							<lines>
								<line number="31" hits="10" branch="false"/>
								<line number="32" hits="10" branch="false"/>
							</lines>
						</method>
						<method name="processResponse" signature="(Ljavax/xml/ws/handler/soap/SOAPMessageContext;)Z" line-rate="1.0" branch-rate="1.0" complexity="0">
							<lines>
								<line number="39" hits="1" branch="false"/>
							</lines>
						</method>
					</methods>
					<lines>
						<line number="31" hits="10" branch="false"/>
						<line number="32" hits="10" branch="false"/>
						<line number="39" hits="1" branch="false"/>
					</lines>
				</class>
				<class name="org.flossware.jcore.soap.AbstractSoapRequestHeaderHandler" filename="org/flossware/jcore/soap/AbstractSoapRequestHeaderHandler.java" line-rate="1.0" branch-rate="1.0" complexity="1.0">
					<methods>
						<method name="&lt;init&gt;" signature="()V" line-rate="1.0" branch-rate="1.0" complexity="0">
							<lines>
								<line number="34" hits="8" branch="false"/>
								<line number="35" hits="8" branch="false"/>
							</lines>
						</method>
						<method name="processRequest" signature="(Ljavax/xml/ws/handler/soap/SOAPMessageContext;)Z" line-rate="1.0" branch-rate="1.0" complexity="0">
							<lines>
								<line number="63" hits="7" branch="false"/>
								<line number="64" hits="1" branch="false"/>
							</lines>
						</method>
					</methods>
					<lines>
						<line number="34" hits="8" branch="false"/>
						<line number="35" hits="8" branch="false"/>
						<line number="63" hits="7" branch="false"/>
						<line number="64" hits="1" branch="false"/>
					</lines>
				</class>
				<class name="org.flossware.jcore.soap.AbstractSoapResponseHandler" filename="org/flossware/jcore/soap/AbstractSoapResponseHandler.java" line-rate="1.0" branch-rate="1.0" complexity="1.0">
					<methods>
						<method name="&lt;init&gt;" signature="()V" line-rate="1.0" branch-rate="1.0" complexity="0">
							<lines>
								<line number="31" hits="2" branch="false"/>
								<line number="32" hits="2" branch="false"/>
							</lines>
						</method>
						<method name="processRequest" signature="(Ljavax/xml/ws/handler/soap/SOAPMessageContext;)Z" line-rate="1.0" branch-rate="1.0" complexity="0">
							<lines>
								<line number="39" hits="1" branch="false"/>
							</lines>
						</method>
					</methods>
					<lines>
						<line number="31" hits="2" branch="false"/>
						<line number="32" hits="2" branch="false"/>
						<line number="39" hits="1" branch="false"/>
					</lines>
				</class>
				<class name="org.flossware.jcore.soap.SoapException" filename="org/flossware/jcore/soap/SoapException.java" line-rate="1.0" branch-rate="1.0" complexity="1.0">
					<methods>
						<method name="&lt;init&gt;" signature="()V" line-rate="1.0" branch-rate="1.0" complexity="0">
							<lines>
								<line number="29" hits="1" branch="false"/>
								<line number="30" hits="1" branch="false"/>
							</lines>
						</method>
						<method name="&lt;init&gt;" signature="(Ljava/lang/String;)V" line-rate="1.0" branch-rate="1.0" complexity="0">
							<lines>
								<line number="38" hits="1" branch="false"/>
								<line number="39" hits="1" branch="false"/>
							</lines>
						</method>
						<method name="&lt;init&gt;" signature="(Ljava/lang/String;Ljava/lang/Throwable;)V" line-rate="1.0" branch-rate="1.0" complexity="0">
							<lines>
								<line number="57" hits="1" branch="false"/>
								<line number="58" hits="1" branch="false"/>
							</lines>
						</method>
						<method name="&lt;init&gt;" signature="(Ljava/lang/Throwable;)V" line-rate="1.0" branch-rate="1.0" complexity="0">
							<lines>
								<line number="47" hits="4" branch="false"/>
								<line number="48" hits="4" branch="false"/>
							</lines>
						</method>
					</methods>
					<lines>
						<line number="29" hits="1" branch="false"/>
						<line number="30" hits="1" branch="false"/>
						<line number="38" hits="1" branch="false"/>
						<line number="39" hits="1" branch="false"/>
						<line number="47" hits="4" branch="false"/>
						<line number="48" hits="4" branch="false"/>
						<line number="57" hits="1" branch="false"/>
						<line number="58" hits="1" branch="false"/>
					</lines>
				</class>
			</classes>
		</package>
		<package name="org.flossware.jcore.utils" line-rate="1.0" branch-rate="1.0" complexity="1.65">
			<classes>
				<class name="org.flossware.jcore.utils.ClassUtils" filename="org/flossware/jcore/utils/ClassUtils.java" line-rate="1.0" branch-rate="1.0" complexity="1.0">
					<methods>
						<method name="&lt;init&gt;" signature="()V" line-rate="1.0" branch-rate="1.0" complexity="0">
							<lines>
								<line number="52" hits="1" branch="false"/>
								<line number="53" hits="1" branch="false"/>
							</lines>
						</method>
						<method name="getClass" signature="(Ljava/lang/Object;)Ljava/lang/Class;" line-rate="1.0" branch-rate="1.0" complexity="0">
							<lines>
								<line number="46" hits="2" branch="false"/>
							</lines>
						</method>
						<method name="getPackageName" signature="(Ljava/lang/Class;)Ljava/lang/String;" line-rate="1.0" branch-rate="1.0" complexity="0">
							<lines>
								<line number="34" hits="3" branch="false"/>
							</lines>
						</method>
					</methods>
					<lines>
						<line number="34" hits="3" branch="false"/>
						<line number="46" hits="2" branch="false"/>
						<line number="52" hits="1" branch="false"/>
						<line number="53" hits="1" branch="false"/>
					</lines>
				</class>
				<class name="org.flossware.jcore.utils.ExceptionUtils" filename="org/flossware/jcore/utils/ExceptionUtils.java" line-rate="1.0" branch-rate="1.0" complexity="2.0">
					<methods>
						<method name="&lt;clinit&gt;" signature="()V" line-rate="1.0" branch-rate="1.0" complexity="0">
							<lines>
								<line number="32" hits="1" branch="false"/>
							</lines>
						</method>
						<method name="&lt;init&gt;" signature="()V" line-rate="1.0" branch-rate="1.0" complexity="0">
							<lines>
								<line number="99" hits="1" branch="false"/>
								<line number="100" hits="1" branch="false"/>
							</lines>
						</method>
						<method name="contains" signature="(Ljava/lang/Throwable;Ljava/lang/Class;)Z" line-rate="1.0" branch-rate="1.0" complexity="0">
							<lines>
								<line number="64" hits="22" branch="true" condition-coverage="100% (2/2)">
									<conditions>
										<condition number="0" type="jump" coverage="100%"/>
									</conditions>
								</line>
								<line number="65" hits="4" branch="false"/>
								<line number="67" hits="4" branch="false"/>
								<line number="70" hits="18" branch="true" condition-coverage="100% (2/2)">
									<conditions>
										<condition number="0" type="jump" coverage="100%"/>
									</conditions>
								</line>
								<line number="71" hits="8" branch="false"/>
								<line number="73" hits="8" branch="false"/>
								<line number="76" hits="10" branch="false"/>
								<line number="78" hits="10" branch="false"/>
							</lines>
						</method>
						<method name="contains" signature="(Ljava/lang/Throwable;Ljava/lang/Throwable;)Z" line-rate="1.0" branch-rate="1.0" complexity="0">
							<lines>
								<line number="90" hits="7" branch="false"/>
							</lines>
						</method>
						<method name="getLogger" signature="()Ljava/util/logging/Logger;" line-rate="1.0" branch-rate="1.0" complexity="0">
							<lines>
								<line number="38" hits="55" branch="false"/>
							</lines>
						</method>
						<method name="isContainsProcessable" signature="(Ljava/lang/Throwable;Ljava/lang/Class;)Z" line-rate="1.0" branch-rate="1.0" complexity="0">
							<lines>
								<line number="50" hits="26" branch="true" condition-coverage="100% (4/4)">
									<conditions>
										<condition number="0" type="jump" coverage="100%"/>
										<condition number="1" type="jump" coverage="100%"/>
									</conditions>
								</line>
							</lines>
						</method>
					</methods>
					<lines>
						<line number="32" hits="1" branch="false"/>
						<line number="38" hits="55" branch="false"/>
						<line number="50" hits="26" branch="true" condition-coverage="100% (4/4)">
							<conditions>
								<condition number="0" type="jump" coverage="100%"/>
								<condition number="1" type="jump" coverage="100%"/>
							</conditions>
						</line>
						<line number="64" hits="22" branch="true" condition-coverage="100% (2/2)">
							<conditions>
								<condition number="0" type="jump" coverage="100%"/>
							</conditions>
						</line>
						<line number="65" hits="4" branch="false"/>
						<line number="67" hits="4" branch="false"/>
						<line number="70" hits="18" branch="true" condition-coverage="100% (2/2)">
							<conditions>
								<condition number="0" type="jump" coverage="100%"/>
							</conditions>
						</line>
						<line number="71" hits="8" branch="false"/>
						<line number="73" hits="8" branch="false"/>
						<line number="76" hits="10" branch="false"/>
						<line number="78" hits="10" branch="false"/>
						<line number="90" hits="7" branch="false"/>
						<line number="99" hits="1" branch="false"/>
						<line number="100" hits="1" branch="false"/>
					</lines>
				</class>
				<class name="org.flossware.jcore.utils.IntUtils" filename="org/flossware/jcore/utils/IntUtils.java" line-rate="1.0" branch-rate="1.0" complexity="1.8">
					<methods>
						<method name="&lt;init&gt;" signature="()V" line-rate="1.0" branch-rate="1.0" complexity="0">
							<lines>
								<line number="81" hits="1" branch="false"/>
								<line number="82" hits="1" branch="false"/>
							</lines>
						</method>
						<method name="ensureMaxInt" signature="(II)I" line-rate="1.0" branch-rate="1.0" complexity="0">
							<lines>
								<line number="42" hits="2" branch="false"/>
							</lines>
						</method>
						<method name="ensureMaxInt" signature="(IILjava/lang/String;)I" line-rate="1.0" branch-rate="1.0" complexity="0">
							<lines>
								<line number="24" hits="4" branch="true" condition-coverage="100% (2/2)">
									<conditions>
										<condition number="0" type="jump" coverage="100%"/>
									</conditions>
								</line>
								<line number="25" hits="2" branch="false"/>
								<line number="28" hits="2" branch="false"/>
							</lines>
						</method>
						<method name="ensureMinInt" signature="(II)I" line-rate="1.0" branch-rate="1.0" complexity="0">
							<lines>
								<line number="75" hits="2" branch="false"/>
							</lines>
						</method>
						<method name="ensureMinInt" signature="(IILjava/lang/String;)I" line-rate="1.0" branch-rate="1.0" complexity="0">
							<lines>
								<line number="57" hits="4" branch="true" condition-coverage="100% (2/2)">
									<conditions>
										<condition number="0" type="jump" coverage="100%"/>
									</conditions>
								</line>
								<line number="58" hits="2" branch="false"/>
								<line number="61" hits="2" branch="false"/>
							</lines>
						</method>
					</methods>
					<lines>
						<line number="24" hits="4" branch="true" condition-coverage="100% (2/2)">
							<conditions>
								<condition number="0" type="jump" coverage="100%"/>
							</conditions>
						</line>
						<line number="25" hits="2" branch="false"/>
						<line number="28" hits="2" branch="false"/>
						<line number="42" hits="2" branch="false"/>
						<line number="57" hits="4" branch="true" condition-coverage="100% (2/2)">
							<conditions>
								<condition number="0" type="jump" coverage="100%"/>
							</conditions>
						</line>
						<line number="58" hits="2" branch="false"/>
						<line number="61" hits="2" branch="false"/>
						<line number="75" hits="2" branch="false"/>
						<line number="81" hits="1" branch="false"/>
						<line number="82" hits="1" branch="false"/>
					</lines>
				</class>
				<class name="org.flossware.jcore.utils.LoggerUtils" filename="org/flossware/jcore/utils/LoggerUtils.java" line-rate="1.0" branch-rate="1.0" complexity="1.0">
					<methods>
						<method name="&lt;init&gt;" signature="()V" line-rate="1.0" branch-rate="1.0" complexity="0">
							<lines>
								<line number="141" hits="1" branch="false"/>
								<line number="142" hits="1" branch="false"/>
							</lines>
						</method>
						<method name="log" signature="(Ljava/util/logging/Logger;Ljava/util/logging/Level;Ljava/lang/String;[Ljava/lang/Object;)V" line-rate="1.0" branch-rate="1.0" complexity="0">
							<lines>
								<line number="82" hits="553" branch="false"/>
								<line number="83" hits="553" branch="false"/>
							</lines>
						</method>
						<method name="logAndReturn" signature="(Ljava/util/logging/Logger;Ljava/util/logging/Level;Ljava/lang/String;Ljava/lang/Object;)Ljava/lang/Object;" line-rate="1.0" branch-rate="1.0" complexity="0">
							<lines>
								<line number="98" hits="96" branch="false"/>
								<line number="100" hits="96" branch="false"/>
							</lines>
						</method>
						<method name="logAndReturn" signature="(Ljava/util/logging/Logger;Ljava/util/logging/Level;Ljava/lang/String;[Ljava/lang/Object;)Ljava/lang/Object;" line-rate="1.0" branch-rate="1.0" complexity="0">
							<lines>
								<line number="135" hits="354" branch="false"/>
							</lines>
						</method>
						<method name="logAndReturnByIndex" signature="(Ljava/util/logging/Logger;Ljava/util/logging/Level;Ljava/lang/String;I[Ljava/lang/Object;)Ljava/lang/Object;" line-rate="1.0" branch-rate="1.0" complexity="0">
							<lines>
								<line number="117" hits="363" branch="false"/>
								<line number="119" hits="363" branch="false"/>
							</lines>
						</method>
					</methods>
					<lines>
						<line number="82" hits="553" branch="false"/>
						<line number="83" hits="553" branch="false"/>
						<line number="98" hits="96" branch="false"/>
						<line number="100" hits="96" branch="false"/>
						<line number="117" hits="363" branch="false"/>
						<line number="119" hits="363" branch="false"/>
						<line number="135" hits="354" branch="false"/>
						<line number="141" hits="1" branch="false"/>
						<line number="142" hits="1" branch="false"/>
					</lines>
				</class>
				<class name="org.flossware.jcore.utils.LongUtils" filename="org/flossware/jcore/utils/LongUtils.java" line-rate="1.0" branch-rate="1.0" complexity="1.8">
					<methods>
						<method name="&lt;init&gt;" signature="()V" line-rate="1.0" branch-rate="1.0" complexity="0">
							<lines>
								<line number="81" hits="1" branch="false"/>
								<line number="82" hits="1" branch="false"/>
							</lines>
						</method>
						<method name="ensureMaxLong" signature="(JJ)J" line-rate="1.0" branch-rate="1.0" complexity="0">
							<lines>
								<line number="42" hits="2" branch="false"/>
							</lines>
						</method>
						<method name="ensureMaxLong" signature="(JJLjava/lang/String;)J" line-rate="1.0" branch-rate="1.0" complexity="0">
							<lines>
								<line number="24" hits="4" branch="true" condition-coverage="100% (2/2)">
									<conditions>
										<condition number="0" type="jump" coverage="100%"/>
									</conditions>
								</line>
								<line number="25" hits="2" branch="false"/>
								<line number="28" hits="2" branch="false"/>
							</lines>
						</method>
						<method name="ensureMinLong" signature="(JJ)J" line-rate="1.0" branch-rate="1.0" complexity="0">
							<lines>
								<line number="75" hits="2" branch="false"/>
							</lines>
						</method>
						<method name="ensureMinLong" signature="(JJLjava/lang/String;)J" line-rate="1.0" branch-rate="1.0" complexity="0">
							<lines>
								<line number="57" hits="4" branch="true" condition-coverage="100% (2/2)">
									<conditions>
										<condition number="0" type="jump" coverage="100%"/>
									</conditions>
								</line>
								<line number="58" hits="2" branch="false"/>
								<line number="61" hits="2" branch="false"/>
							</lines>
						</method>
					</methods>
					<lines>
						<line number="24" hits="4" branch="true" condition-coverage="100% (2/2)">
							<conditions>
								<condition number="0" type="jump" coverage="100%"/>
							</conditions>
						</line>
						<line number="25" hits="2" branch="false"/>
						<line number="28" hits="2" branch="false"/>
						<line number="42" hits="2" branch="false"/>
						<line number="57" hits="4" branch="true" condition-coverage="100% (2/2)">
							<conditions>
								<condition number="0" type="jump" coverage="100%"/>
							</conditions>
						</line>
						<line number="58" hits="2" branch="false"/>
						<line number="61" hits="2" branch="false"/>
						<line number="75" hits="2" branch="false"/>
						<line number="81" hits="1" branch="false"/>
						<line number="82" hits="1" branch="false"/>
					</lines>
				</class>
				<class name="org.flossware.jcore.utils.ObjectUtils" filename="org/flossware/jcore/utils/ObjectUtils.java" line-rate="1.0" branch-rate="1.0" complexity="1.5">
					<methods>
						<method name="&lt;init&gt;" signature="()V" line-rate="1.0" branch-rate="1.0" complexity="0">
							<lines>
								<line number="66" hits="1" branch="false"/>
								<line number="67" hits="1" branch="false"/>
							</lines>
						</method>
						<method name="ensureObject" signature="(Ljava/lang/Object;)Ljava/lang/Object;" line-rate="1.0" branch-rate="1.0" complexity="0">
							<lines>
								<line number="49" hits="2" branch="false"/>
							</lines>
						</method>
						<method name="ensureObject" signature="(Ljava/lang/Object;Ljava/lang/String;)Ljava/lang/Object;" line-rate="1.0" branch-rate="1.0" complexity="0">
							<lines>
								<line number="30" hits="363" branch="true" condition-coverage="100% (2/2)">
									<conditions>
										<condition number="0" type="jump" coverage="100%"/>
									</conditions>
								</line>
								<line number="31" hits="52" branch="false"/>
								<line number="34" hits="311" branch="false"/>
							</lines>
						</method>
						<method name="getPackage" signature="(Ljava/lang/Object;)Ljava/lang/String;" line-rate="1.0" branch-rate="1.0" complexity="0">
							<lines>
								<line number="60" hits="2" branch="false"/>
							</lines>
						</method>
					</methods>
					<lines>
						<line number="30" hits="363" branch="true" condition-coverage="100% (2/2)">
							<conditions>
								<condition number="0" type="jump" coverage="100%"/>
							</conditions>
						</line>
						<line number="31" hits="52" branch="false"/>
						<line number="34" hits="311" branch="false"/>
						<line number="49" hits="2" branch="false"/>
						<line number="60" hits="2" branch="false"/>
						<line number="66" hits="1" branch="false"/>
						<line number="67" hits="1" branch="false"/>
					</lines>
				</class>
				<class name="org.flossware.jcore.utils.StringUtils" filename="org/flossware/jcore/utils/StringUtils.java" line-rate="1.0" branch-rate="1.0" complexity="2.2222222222222223">
					<methods>
						<method name="&lt;clinit&gt;" signature="()V" line-rate="1.0" branch-rate="1.0" complexity="0">
							<lines>
								<line number="33" hits="1" branch="false"/>
							</lines>
						</method>
						<method name="&lt;init&gt;" signature="()V" line-rate="1.0" branch-rate="1.0" complexity="0">
							<lines>
								<line number="161" hits="1" branch="false"/>
								<line number="162" hits="1" branch="false"/>
							</lines>
						</method>
						<method name="concat" signature="([Ljava/lang/Object;)Ljava/lang/String;" line-rate="1.0" branch-rate="1.0" complexity="0">
							<lines>
								<line number="155" hits="6" branch="false"/>
							</lines>
						</method>
						<method name="concatWithSeparator" signature="(Ljava/lang/String;[Ljava/lang/Object;)Ljava/lang/String;" line-rate="1.0" branch-rate="1.0" complexity="0">
							<lines>
								<line number="144" hits="16" branch="false"/>
							</lines>
						</method>
						<method name="concatWithSeparator" signature="(ZLjava/lang/String;[Ljava/lang/Object;)Ljava/lang/String;" line-rate="1.0" branch-rate="1.0" complexity="0">
							<lines>
								<line number="112" hits="26" branch="false"/>
								<line number="114" hits="26" branch="true" condition-coverage="100% (4/4)">
									<conditions>
										<condition number="0" type="jump" coverage="100%"/>
										<condition number="1" type="jump" coverage="100%"/>
									</conditions>
								</line>
								<line number="115" hits="6" branch="false"/>
								<line number="118" hits="20" branch="false"/>
								<line number="120" hits="64" branch="true" condition-coverage="100% (2/2)">
									<conditions>
										<condition number="0" type="jump" coverage="100%"/>
									</conditions>
								</line>
								<line number="121" hits="44" branch="false"/>
								<line number="123" hits="44" branch="true" condition-coverage="100% (2/2)">
									<conditions>
										<condition number="0" type="jump" coverage="100%"/>
									</conditions>
								</line>
								<line number="124" hits="8" branch="false"/>
								<line number="128" hits="20" branch="true" condition-coverage="100% (2/2)">
									<conditions>
										<condition number="0" type="jump" coverage="100%"/>
									</conditions>
								</line>
								<line number="129" hits="10" branch="false"/>
								<line number="132" hits="20" branch="false"/>
							</lines>
						</method>
						<method name="ensureString" signature="(Ljava/lang/String;)Ljava/lang/String;" line-rate="1.0" branch-rate="1.0" complexity="0">
							<lines>
								<line number="86" hits="6" branch="false"/>
							</lines>
						</method>
						<method name="ensureString" signature="(Ljava/lang/String;Ljava/lang/String;)Ljava/lang/String;" line-rate="1.0" branch-rate="1.0" complexity="0">
							<lines>
								<line number="69" hits="36" branch="true" condition-coverage="100% (2/2)">
									<conditions>
										<condition number="0" type="jump" coverage="100%"/>
									</conditions>
								</line>
								<line number="70" hits="20" branch="false"/>
								<line number="73" hits="16" branch="false"/>
							</lines>
						</method>
						<method name="getLogger" signature="()Ljava/util/logging/Logger;" line-rate="1.0" branch-rate="1.0" complexity="0">
							<lines>
								<line number="39" hits="120" branch="false"/>
							</lines>
						</method>
						<method name="isBlank" signature="(Ljava/lang/String;)Z" line-rate="1.0" branch-rate="1.0" complexity="0">
							<lines>
								<line number="55" hits="41" branch="true" condition-coverage="100% (4/4)">
									<conditions>
										<condition number="0" type="jump" coverage="100%"/>
										<condition number="1" type="jump" coverage="100%"/>
									</conditions>
								</line>
							</lines>
						</method>
						<method name="isSeparatorAppendable" signature="(Ljava/lang/String;I[Ljava/lang/Object;)Z" line-rate="1.0" branch-rate="1.0" complexity="0">
							<lines>
								<line number="99" hits="53" branch="true" condition-coverage="100% (6/6)">
									<conditions>
										<condition number="0" type="jump" coverage="100%"/>
										<condition number="1" type="jump" coverage="100%"/>
										<condition number="2" type="jump" coverage="100%"/>
									</conditions>
								</line>
							</lines>
						</method>
					</methods>
					<lines>
						<line number="33" hits="1" branch="false"/>
						<line number="39" hits="120" branch="false"/>
						<line number="55" hits="41" branch="true" condition-coverage="100% (4/4)">
							<conditions>
								<condition number="0" type="jump" coverage="100%"/>
								<condition number="1" type="jump" coverage="100%"/>
							</conditions>
						</line>
						<line number="69" hits="36" branch="true" condition-coverage="100% (2/2)">
							<conditions>
								<condition number="0" type="jump" coverage="100%"/>
							</conditions>
						</line>
						<line number="70" hits="20" branch="false"/>
						<line number="73" hits="16" branch="false"/>
						<line number="86" hits="6" branch="false"/>
						<line number="99" hits="53" branch="true" condition-coverage="100% (6/6)">
							<conditions>
								<condition number="0" type="jump" coverage="100%"/>
								<condition number="1" type="jump" coverage="100%"/>
								<condition number="2" type="jump" coverage="100%"/>
							</conditions>
						</line>
						<line number="112" hits="26" branch="false"/>
						<line number="114" hits="26" branch="true" condition-coverage="100% (4/4)">
							<conditions>
								<condition number="0" type="jump" coverage="100%"/>
								<condition number="1" type="jump" coverage="100%"/>
							</conditions>
						</line>
						<line number="115" hits="6" branch="false"/>
						<line number="118" hits="20" branch="false"/>
						<line number="120" hits="64" branch="true" condition-coverage="100% (2/2)">
							<conditions>
								<condition number="0" type="jump" coverage="100%"/>
							</conditions>
						</line>
						<line number="121" hits="44" branch="false"/>
						<line number="123" hits="44" branch="true" condition-coverage="100% (2/2)">
							<conditions>
								<condition number="0" type="jump" coverage="100%"/>
							</conditions>
						</line>
						<line number="124" hits="8" branch="false"/>
						<line number="128" hits="20" branch="true" condition-coverage="100% (2/2)">
							<conditions>
								<condition number="0" type="jump" coverage="100%"/>
							</conditions>
						</line>
						<line number="129" hits="10" branch="false"/>
						<line number="132" hits="20" branch="false"/>
						<line number="144" hits="16" branch="false"/>
						<line number="155" hits="6" branch="false"/>
						<line number="161" hits="1" branch="false"/>
						<line number="162" hits="1" branch="false"/>
					</lines>
				</class>
				<class name="org.flossware.jcore.utils.TestUtils" filename="org/flossware/jcore/utils/TestUtils.java" line-rate="1.0" branch-rate="1.0" complexity="1.0">
					<methods>
						<method name="&lt;init&gt;" signature="()V" line-rate="1.0" branch-rate="1.0" complexity="0">
							<lines>
								<line number="61" hits="1" branch="false"/>
								<line number="62" hits="1" branch="false"/>
							</lines>
						</method>
						<method name="generateUniqueStr" signature="()Ljava/lang/String;" line-rate="1.0" branch-rate="1.0" complexity="0">
							<lines>
								<line number="55" hits="56" branch="false"/>
							</lines>
						</method>
						<method name="generateUniqueStr" signature="(Ljava/lang/String;)Ljava/lang/String;" line-rate="1.0" branch-rate="1.0" complexity="0">
							<lines>
								<line number="46" hits="98" branch="false"/>
							</lines>
						</method>
						<method name="generateUniqueStr" signature="(Ljava/lang/String;Ljava/lang/String;)Ljava/lang/String;" line-rate="1.0" branch-rate="1.0" complexity="0">
							<lines>
								<line number="35" hits="128" branch="false"/>
							</lines>
						</method>
					</methods>
					<lines>
						<line number="35" hits="128" branch="false"/>
						<line number="46" hits="98" branch="false"/>
						<line number="55" hits="56" branch="false"/>
						<line number="61" hits="1" branch="false"/>
						<line number="62" hits="1" branch="false"/>
					</lines>
				</class>
			</classes>
		</package>
		<package name="org.flossware.jcore.utils.collections" line-rate="1.0" branch-rate="1.0" complexity="1.5833333333333333">
			<classes>
				<class name="org.flossware.jcore.utils.collections.ArrayUtils" filename="org/flossware/jcore/utils/collections/ArrayUtils.java" line-rate="1.0" branch-rate="1.0" complexity="1.6">
					<methods>
						<method name="&lt;init&gt;" signature="()V" line-rate="1.0" branch-rate="1.0" complexity="0">
							<lines>
								<line number="124" hits="1" branch="false"/>
								<line number="125" hits="1" branch="false"/>
							</lines>
						</method>
						<method name="ensureArray" signature="([Ljava/lang/Object;)[Ljava/lang/Object;" line-rate="1.0" branch-rate="1.0" complexity="0">
							<lines>
								<line number="98" hits="5" branch="false"/>
							</lines>
						</method>
						<method name="ensureArray" signature="([Ljava/lang/Object;I)[Ljava/lang/Object;" line-rate="1.0" branch-rate="1.0" complexity="0">
							<lines>
								<line number="71" hits="7" branch="false"/>
							</lines>
						</method>
						<method name="ensureArray" signature="([Ljava/lang/Object;ILjava/lang/String;)[Ljava/lang/Object;" line-rate="1.0" branch-rate="1.0" complexity="0">
							<lines>
								<line number="46" hits="61" branch="false"/>
								<line number="48" hits="55" branch="true" condition-coverage="100% (2/2)">
									<conditions>
										<condition number="0" type="jump" coverage="100%"/>
									</conditions>
								</line>
								<line number="49" hits="7" branch="false"/>
								<line number="52" hits="132" branch="true" condition-coverage="100% (2/2)">
									<conditions>
										<condition number="0" type="jump" coverage="100%"/>
									</conditions>
								</line>
								<line number="53" hits="88" branch="false"/>
								<line number="56" hits="44" branch="false"/>
							</lines>
						</method>
						<method name="ensureArray" signature="([Ljava/lang/Object;Ljava/lang/String;)[Ljava/lang/Object;" line-rate="1.0" branch-rate="1.0" complexity="0">
							<lines>
								<line number="85" hits="35" branch="false"/>
							</lines>
						</method>
					</methods>
					<lines>
						<line number="46" hits="61" branch="false"/>
						<line number="48" hits="55" branch="true" condition-coverage="100% (2/2)">
							<conditions>
								<condition number="0" type="jump" coverage="100%"/>
							</conditions>
						</line>
						<line number="49" hits="7" branch="false"/>
						<line number="52" hits="132" branch="true" condition-coverage="100% (2/2)">
							<conditions>
								<condition number="0" type="jump" coverage="100%"/>
							</conditions>
						</line>
						<line number="53" hits="88" branch="false"/>
						<line number="56" hits="44" branch="false"/>
						<line number="71" hits="7" branch="false"/>
						<line number="85" hits="35" branch="false"/>
						<line number="98" hits="5" branch="false"/>
						<line number="124" hits="1" branch="false"/>
						<line number="125" hits="1" branch="false"/>
					</lines>
				</class>
				<class name="org.flossware.jcore.utils.collections.CollectionUtils" filename="org/flossware/jcore/utils/collections/CollectionUtils.java" line-rate="1.0" branch-rate="1.0" complexity="1.5454545454545454">
					<methods>
						<method name="&lt;clinit&gt;" signature="()V" line-rate="1.0" branch-rate="1.0" complexity="0">
							<lines>
								<line number="44" hits="1" branch="false"/>
							</lines>
						</method>
						<method name="&lt;init&gt;" signature="()V" line-rate="1.0" branch-rate="1.0" complexity="0">
							<lines>
								<line number="280" hits="1" branch="false"/>
								<line number="281" hits="1" branch="false"/>
							</lines>
						</method>
						<method name="addValue" signature="(Ljava/util/Collection;Ljava/lang/Object;Z)Ljava/util/Collection;" line-rate="1.0" branch-rate="1.0" complexity="0">
							<lines>
								<line number="158" hits="6" branch="true" condition-coverage="100% (2/2)">
									<conditions>
										<condition number="0" type="jump" coverage="100%"/>
									</conditions>
								</line>
								<line number="159" hits="2" branch="false"/>
								<line number="162" hits="4" branch="false"/>
								<line number="164" hits="3" branch="false"/>
							</lines>
						</method>
						<method name="asList" signature="(Ljava/util/Collection;)Ljava/util/List;" line-rate="1.0" branch-rate="1.0" complexity="0">
							<lines>
								<line number="195" hits="3" branch="false"/>
								<line number="197" hits="2" branch="false"/>
								<line number="199" hits="2" branch="false"/>
								<line number="201" hits="2" branch="false"/>
								<line number="203" hits="2" branch="false"/>
							</lines>
						</method>
						<method name="asSet" signature="(Ljava/util/Collection;)Ljava/util/Set;" line-rate="1.0" branch-rate="1.0" complexity="0">
							<lines>
								<line number="215" hits="2" branch="false"/>
								<line number="217" hits="1" branch="false"/>
								<line number="219" hits="1" branch="false"/>
								<line number="221" hits="1" branch="false"/>
								<line number="223" hits="1" branch="false"/>
							</lines>
						</method>
						<method name="ensureCollection" signature="(Ljava/util/Collection;)Ljava/util/Collection;" line-rate="1.0" branch-rate="1.0" complexity="0">
							<lines>
								<line number="143" hits="5" branch="false"/>
							</lines>
						</method>
						<method name="ensureCollection" signature="(Ljava/util/Collection;I)Ljava/util/Collection;" line-rate="1.0" branch-rate="1.0" complexity="0">
							<lines>
								<line number="129" hits="10" branch="false"/>
							</lines>
						</method>
						<method name="ensureCollection" signature="(Ljava/util/Collection;ILjava/lang/String;)Ljava/util/Collection;" line-rate="1.0" branch-rate="1.0" complexity="0">
							<lines>
								<line number="88" hits="39" branch="false"/>
								<line number="90" hits="30" branch="true" condition-coverage="100% (2/2)">
									<conditions>
										<condition number="0" type="jump" coverage="100%"/>
									</conditions>
								</line>
								<line number="91" hits="7" branch="false"/>
								<line number="94" hits="23" branch="true" condition-coverage="100% (2/2)">
									<conditions>
										<condition number="0" type="jump" coverage="100%"/>
									</conditions>
								</line>
								<line number="95" hits="29" branch="false"/>
								<line number="96" hits="25" branch="false"/>
								<line number="98" hits="19" branch="false"/>
							</lines>
						</method>
						<method name="ensureCollection" signature="(Ljava/util/Collection;Ljava/lang/String;)Ljava/util/Collection;" line-rate="1.0" branch-rate="1.0" complexity="0">
							<lines>
								<line number="114" hits="4" branch="false"/>
							</lines>
						</method>
						<method name="filter" signature="(Ljava/util/Collection;Lorg/flossware/jcore/Filter;Ljava/lang/Object;)Ljava/util/Collection;" line-rate="1.0" branch-rate="1.0" complexity="0">
							<lines>
								<line number="263" hits="4" branch="false"/>
								<line number="264" hits="3" branch="false"/>
								<line number="266" hits="1" branch="false"/>
								<line number="268" hits="1" branch="true" condition-coverage="100% (2/2)">
									<conditions>
										<condition number="0" type="jump" coverage="100%"/>
									</conditions>
								</line>
								<line number="269" hits="3" branch="false"/>
								<line number="270" hits="3" branch="false"/>
								<line number="272" hits="1" branch="false"/>
								<line number="274" hits="1" branch="false"/>
							</lines>
						</method>
						<method name="getLogger" signature="()Ljava/util/logging/Logger;" line-rate="1.0" branch-rate="1.0" complexity="0">
							<lines>
								<line number="52" hits="5" branch="false"/>
							</lines>
						</method>
						<method name="sort" signature="(Ljava/util/Collection;Ljava/util/Comparator;)Ljava/util/Collection;" line-rate="1.0" branch-rate="1.0" complexity="0">
							<lines>
								<line number="237" hits="3" branch="false"/>
								<line number="238" hits="2" branch="false"/>
								<line number="240" hits="1" branch="false"/>
								<line number="242" hits="1" branch="false"/>
								<line number="244" hits="1" branch="false"/>
								<line number="246" hits="1" branch="false"/>
							</lines>
						</method>
					</methods>
					<lines>
						<line number="44" hits="1" branch="false"/>
						<line number="52" hits="5" branch="false"/>
						<line number="88" hits="39" branch="false"/>
						<line number="90" hits="30" branch="true" condition-coverage="100% (2/2)">
							<conditions>
								<condition number="0" type="jump" coverage="100%"/>
							</conditions>
						</line>
						<line number="91" hits="7" branch="false"/>
						<line number="94" hits="23" branch="true" condition-coverage="100% (2/2)">
							<conditions>
								<condition number="0" type="jump" coverage="100%"/>
							</conditions>
						</line>
						<line number="95" hits="29" branch="false"/>
						<line number="96" hits="25" branch="false"/>
						<line number="98" hits="19" branch="false"/>
						<line number="114" hits="4" branch="false"/>
						<line number="129" hits="10" branch="false"/>
						<line number="143" hits="5" branch="false"/>
[...]
						<line number="83" hits="2" branch="false"/>
					</lines>
				</class>
			</classes>
		</package>
		<package name="org.flossware.jcore.utils.net" line-rate="1.0" branch-rate="1.0" complexity="1.6">
			<classes>
				<class name="org.flossware.jcore.utils.net.UrlUtils" filename="org/flossware/jcore/utils/net/UrlUtils.java" line-rate="1.0" branch-rate="1.0" complexity="1.6">
					<methods>
						<method name="&lt;clinit&gt;" signature="()V" line-rate="1.0" branch-rate="1.0" complexity="0">
							<lines>
								<line number="44" hits="1" branch="false"/>
							</lines>
						</method>
						<method name="&lt;init&gt;" signature="()V" line-rate="1.0" branch-rate="1.0" complexity="0">
							<lines>
								<line number="103" hits="1" branch="false"/>
								<line number="104" hits="1" branch="false"/>
							</lines>
						</method>
						<method name="computeHostUrl" signature="(Ljava/lang/String;)Ljava/net/URL;" line-rate="1.0" branch-rate="1.0" complexity="0">
							<lines>
								<line number="97" hits="4" branch="false"/>
							</lines>
						</method>
						<method name="computeHostUrlAsString" signature="(Ljava/lang/String;)Ljava/lang/String;" line-rate="1.0" branch-rate="1.0" complexity="0">
							<lines>
								<line number="84" hits="8" branch="false"/>
								<line number="86" hits="2" branch="false"/>
							</lines>
						</method>
						<method name="createUrl" signature="(Ljava/lang/String;)Ljava/net/URL;" line-rate="1.0" branch-rate="1.0" complexity="0">
							<lines>
								<line number="66" hits="13" branch="false"/>
								<line number="67" hits="9" branch="false"/>
								<line number="68" hits="9" branch="false"/>
								<line number="70" hits="9" branch="false"/>
							</lines>
						</method>
						<method name="getLogger" signature="()Ljava/util/logging/Logger;" line-rate="1.0" branch-rate="1.0" complexity="0">
							<lines>
								<line number="52" hits="28" branch="false"/>
							</lines>
						</method>
					</methods>
					<lines>
						<line number="44" hits="1" branch="false"/>
						<line number="52" hits="28" branch="false"/>
						<line number="66" hits="13" branch="false"/>
						<line number="67" hits="9" branch="false"/>
						<line number="68" hits="9" branch="false"/>
						<line number="70" hits="9" branch="false"/>
						<line number="84" hits="8" branch="false"/>
						<line number="86" hits="2" branch="false"/>
						<line number="97" hits="4" branch="false"/>
						<line number="103" hits="1" branch="false"/>
						<line number="104" hits="1" branch="false"/>
					</lines>
				</class>
			</classes>
		</package>
		<package name="org.flossware.jcore.utils.soap" line-rate="1.0" branch-rate="0.9444444444444444" complexity="1.5714285714285714">
			<classes>
				<class name="org.flossware.jcore.utils.soap.ServiceUtils" filename="org/flossware/jcore/utils/soap/ServiceUtils.java" line-rate="1.0" branch-rate="1.0" complexity="2.0">
					<methods>
						<method name="&lt;clinit&gt;" signature="()V" line-rate="1.0" branch-rate="1.0" complexity="0">
							<lines>
								<line number="42" hits="1" branch="false"/>
							</lines>
						</method>
						<method name="&lt;init&gt;" signature="()V" line-rate="1.0" branch-rate="1.0" complexity="0">
							<lines>
								<line number="194" hits="1" branch="false"/>
								<line number="195" hits="1" branch="false"/>
							</lines>
						</method>
						<method name="computeQName" signature="(Ljavax/xml/ws/WebServiceClient;)Ljavax/xml/namespace/QName;" line-rate="1.0" branch-rate="1.0" complexity="0">
							<lines>
								<line number="63" hits="4" branch="false"/>
								<line number="65" hits="2" branch="false"/>
							</lines>
						</method>
						<method name="createService" signature="(Ljava/lang/Class;Ljava/lang/String;)Ljavax/xml/ws/Service;" line-rate="1.0" branch-rate="1.0" complexity="0">
							<lines>
								<line number="185" hits="3" branch="false"/>
								<line number="186" hits="2" branch="false"/>
								<line number="187" hits="2" branch="false"/>
							</lines>
						</method>
						<method name="createService" signature="(Ljava/lang/Class;Ljava/net/URL;)Ljavax/xml/ws/Service;" line-rate="1.0" branch-rate="1.0" complexity="0">
							<lines>
								<line number="162" hits="3" branch="false"/>
								<line number="165" hits="2" branch="false"/>
								<line number="166" hits="1" branch="false"/>
								<line number="167" hits="1" branch="false"/>
							</lines>
						</method>
						<method name="getLogger" signature="()Ljava/util/logging/Logger;" line-rate="1.0" branch-rate="1.0" complexity="0">
							<lines>
								<line number="50" hits="28" branch="false"/>
							</lines>
						</method>
						<method name="getPortMethod" signature="(Ljava/lang/Class;)Ljava/lang/reflect/Method;" line-rate="1.0" branch-rate="1.0" complexity="0">
							<lines>
								<line number="93" hits="12" branch="true" condition-coverage="100% (2/2)">
									<conditions>
										<condition number="0" type="jump" coverage="100%"/>
									</conditions>
								</line>
								<line number="94" hits="9" branch="true" condition-coverage="100% (2/2)">
									<conditions>
										<condition number="0" type="jump" coverage="100%"/>
									</conditions>
								</line>
								<line number="95" hits="3" branch="false"/>
								<line number="97" hits="3" branch="false"/>
								<line number="101" hits="3" branch="false"/>
							</lines>
						</method>
						<method name="getPortName" signature="(Ljava/lang/Class;)Ljava/lang/String;" line-rate="1.0" branch-rate="1.0" complexity="0">
							<lines>
								<line number="131" hits="2" branch="false"/>
							</lines>
						</method>
						<method name="getPortType" signature="(Ljava/lang/Class;)Ljava/lang/Class;" line-rate="1.0" branch-rate="1.0" complexity="0">
							<lines>
								<line number="116" hits="2" branch="false"/>
							</lines>
						</method>
						<method name="getServiceName" signature="(Ljava/lang/Class;)Ljavax/xml/namespace/QName;" line-rate="1.0" branch-rate="1.0" complexity="0">
							<lines>
								<line number="146" hits="3" branch="false"/>
							</lines>
						</method>
						<method name="isWebEndpoint" signature="(Ljava/lang/reflect/Method;)Z" line-rate="1.0" branch-rate="1.0" complexity="0">
							<lines>
								<line number="76" hits="12" branch="false"/>
								<line number="78" hits="11" branch="true" condition-coverage="100% (2/2)">
									<conditions>
										<condition number="0" type="jump" coverage="100%"/>
									</conditions>
								</line>
							</lines>
						</method>
					</methods>
					<lines>
						<line number="42" hits="1" branch="false"/>
						<line number="50" hits="28" branch="false"/>
						<line number="63" hits="4" branch="false"/>
						<line number="65" hits="2" branch="false"/>
						<line number="76" hits="12" branch="false"/>
						<line number="78" hits="11" branch="true" condition-coverage="100% (2/2)">
							<conditions>
								<condition number="0" type="jump" coverage="100%"/>
							</conditions>
						</line>
						<line number="93" hits="12" branch="true" condition-coverage="100% (2/2)">
							<conditions>
								<condition number="0" type="jump" coverage="100%"/>
							</conditions>
						</line>
						<line number="94" hits="9" branch="true" condition-coverage="100% (2/2)">
							<conditions>
								<condition number="0" type="jump" coverage="100%"/>
							</conditions>
						</line>
						<line number="95" hits="3" branch="false"/>
						<line number="97" hits="3" branch="false"/>
						<line number="101" hits="3" branch="false"/>
						<line number="116" hits="2" branch="false"/>
						<line number="131" hits="2" branch="false"/>
						<line number="146" hits="3" branch="false"/>
						<line number="162" hits="3" branch="false"/>
						<line number="165" hits="2" branch="false"/>
						<line number="166" hits="1" branch="false"/>
						<line number="167" hits="1" branch="false"/>
						<line number="185" hits="3" branch="false"/>
						<line number="186" hits="2" branch="false"/>
						<line number="187" hits="2" branch="false"/>
						<line number="194" hits="1" branch="false"/>
						<line number="195" hits="1" branch="false"/>
					</lines>
				</class>
				<class name="org.flossware.jcore.utils.soap.SoapUtils" filename="org/flossware/jcore/utils/soap/SoapUtils.java" line-rate="1.0" branch-rate="0.9166666666666666" complexity="1.3333333333333333">
					<methods>
						<method name="&lt;clinit&gt;" signature="()V" line-rate="1.0" branch-rate="1.0" complexity="0">
							<lines>
								<line number="50" hits="1" branch="false"/>
								<line number="64" hits="1" branch="false"/>
							</lines>
						</method>
						<method name="&lt;init&gt;" signature="()V" line-rate="1.0" branch-rate="1.0" complexity="0">
							<lines>
								<line number="316" hits="1" branch="false"/>
								<line number="317" hits="1" branch="false"/>
							</lines>
						</method>
						<method name="addSoapHeaderValue" signature="(Ljavax/xml/soap/SOAPHeader;Ljavax/xml/namespace/QName;Ljava/lang/String;Ljava/lang/String;)V" line-rate="1.0" branch-rate="1.0" complexity="0">
							<lines>
								<line number="120" hits="12" branch="false"/>
								<line number="121" hits="11" branch="false"/>
								<line number="122" hits="9" branch="false"/>
								<line number="123" hits="5" branch="false"/>
								<line number="125" hits="1" branch="false"/>
								<line number="127" hits="1" branch="false"/>
								<line number="128" hits="1" branch="false"/>
							</lines>
						</method>
						<method name="addSoapHeaderValue" signature="(Ljavax/xml/ws/handler/soap/SOAPMessageContext;Ljavax/xml/namespace/QName;Ljava/lang/String;Ljava/lang/String;)V" line-rate="1.0" branch-rate="1.0" complexity="0">
							<lines>
								<line number="141" hits="7" branch="false"/>
								<line number="143" hits="6" branch="false"/>
								<line number="145" hits="6" branch="false"/>
								<line number="146" hits="1" branch="false"/>
							</lines>
						</method>
						<method name="appendSoapMessage" signature="(Ljava/lang/StringBuilder;Ljavax/xml/soap/SOAPMessage;)Ljava/lang/StringBuilder;" line-rate="1.0" branch-rate="1.0" complexity="0">
							<lines>
								<line number="298" hits="2" branch="false"/>
							</lines>
						</method>
						<method name="appendSoapMsgContext" signature="(Ljava/lang/StringBuilder;Ljavax/xml/ws/handler/soap/SOAPMessageContext;)Ljava/lang/StringBuilder;" line-rate="1.0" branch-rate="1.0" complexity="0">
							<lines>
								<line number="310" hits="1" branch="false"/>
							</lines>
						</method>
						<method name="convertToString" signature="(Ljavax/xml/soap/SOAPMessage;)Ljava/lang/String;" line-rate="1.0" branch-rate="1.0" complexity="0">
							<lines>
								<line number="225" hits="14" branch="false"/>
							</lines>
						</method>
						<method name="convertToString" signature="(Ljavax/xml/ws/handler/soap/SOAPMessageContext;)Ljava/lang/String;" line-rate="1.0" branch-rate="1.0" complexity="0">
							<lines>
								<line number="236" hits="1" branch="false"/>
							</lines>
						</method>
						<method name="convertToString" signature="(Lorg/flossware/jcore/io/OutputStreamFactory;Ljavax/xml/soap/SOAPMessage;)Ljava/lang/String;" line-rate="1.0" branch-rate="0.75" complexity="0">
							<lines>
								<line number="202" hits="16" branch="false"/>
								<line number="204" hits="19" branch="false"/>
								<line number="205" hits="16" branch="false"/>
								<line number="207" hits="13" branch="false"/>
								<line number="208" hits="16" branch="true" condition-coverage="75% (3/4)">
									<conditions>
										<condition number="0" type="jump" coverage="50%"/>
										<condition number="1" type="jump" coverage="100%"/>
									</conditions>
								</line>
								<line number="209" hits="3" branch="false"/>
								<line number="211" hits="3" branch="false"/>
								<line number="213" hits="16" branch="false"/>
							</lines>
						</method>
						<method name="getLogger" signature="()Ljava/util/logging/Logger;" line-rate="1.0" branch-rate="1.0" complexity="0">
							<lines>
								<line number="58" hits="55" branch="false"/>
							</lines>
						</method>
						<method name="getSoapHeader" signature="(Ljavax/xml/ws/handler/soap/SOAPMessageContext;)Ljavax/xml/soap/SOAPHeader;" line-rate="1.0" branch-rate="1.0" complexity="0">
							<lines>
								<line number="102" hits="8" branch="true" condition-coverage="100% (2/2)">
									<conditions>
										<condition number="0" type="jump" coverage="100%"/>
									</conditions>
								</line>
								<line number="104" hits="8" branch="false"/>
								<line number="106" hits="8" branch="false"/>
							</lines>
						</method>
						<method name="isRequest" signature="(Ljava/lang/Object;)Z" line-rate="1.0" branch-rate="1.0" complexity="0">
							<lines>
								<line number="74" hits="11" branch="true" condition-coverage="100% (4/4)">
									<conditions>
										<condition number="0" type="jump" coverage="100%"/>
										<condition number="1" type="jump" coverage="100%"/>
									</conditions>
								</line>
								<line number="76" hits="11" branch="false"/>
								<line number="78" hits="11" branch="false"/>
							</lines>
						</method>
						<method name="isRequest" signature="(Ljavax/xml/ws/handler/soap/SOAPMessageContext;)Z" line-rate="1.0" branch-rate="1.0" complexity="0">
							<lines>
								<line number="89" hits="8" branch="false"/>
							</lines>
						</method>
						<method name="logSoapMessage" signature="(Ljava/util/logging/Logger;Ljava/util/logging/Level;Ljava/lang/String;Ljavax/xml/soap/SOAPMessage;)V" line-rate="1.0" branch-rate="1.0" complexity="0">
							<lines>
								<line number="248" hits="8" branch="false"/>
								<line number="249" hits="8" branch="false"/>
							</lines>
						</method>
						<method name="logSoapMessageContext" signature="(Ljava/util/logging/Logger;Ljava/util/logging/Level;Ljava/lang/String;Ljavax/xml/ws/handler/soap/SOAPMessageContext;)V" line-rate="1.0" branch-rate="1.0" complexity="0">
							<lines>
								<line number="260" hits="5" branch="false"/>
								<line number="261" hits="5" branch="false"/>
							</lines>
						</method>
						<method name="logSoapMessageContextIfLevel" signature="(Ljava/util/logging/Logger;Ljava/util/logging/Level;Ljava/lang/String;Ljavax/xml/ws/handler/soap/SOAPMessageContext;)V" line-rate="1.0" branch-rate="1.0" complexity="0">
							<lines>
								<line number="286" hits="7" branch="false"/>
								<line number="287" hits="7" branch="false"/>
							</lines>
						</method>
						<method name="logSoapMessageIfLevel" signature="(Ljava/util/logging/Logger;Ljava/util/logging/Level;Ljava/lang/String;Ljavax/xml/soap/SOAPMessage;)V" line-rate="1.0" branch-rate="1.0" complexity="0">
							<lines>
								<line number="272" hits="9" branch="true" condition-coverage="100% (2/2)">
									<conditions>
										<condition number="0" type="jump" coverage="100%"/>
									</conditions>
								</line>
								<line number="273" hits="2" branch="false"/>
								<line number="275" hits="9" branch="false"/>
							</lines>
						</method>
						<method name="setHandler" signature="(Ljava/lang/Object;Ljavax/xml/ws/handler/Handler;)Ljava/lang/Object;" line-rate="1.0" branch-rate="1.0" complexity="0">
							<lines>
								<line number="161" hits="3" branch="false"/>
								<line number="162" hits="2" branch="false"/>
								<line number="164" hits="1" branch="false"/>
								<line number="165" hits="1" branch="false"/>
								<line number="167" hits="1" branch="false"/>
								<line number="169" hits="1" branch="false"/>
								<line number="171" hits="1" branch="false"/>
							</lines>
						</method>
						<method name="setUrl" signature="(Ljava/lang/Object;Ljava/lang/String;)Ljava/lang/Object;" line-rate="1.0" branch-rate="1.0" complexity="0">
							<lines>
								<line number="183" hits="4" branch="false"/>
								<line number="184" hits="3" branch="false"/>
								<line number="186" hits="1" branch="false"/>
								<line number="188" hits="1" branch="false"/>
								<line number="190" hits="1" branch="false"/>
							</lines>
						</method>
					</methods>
					<lines>
						<line number="50" hits="1" branch="false"/>
						<line number="58" hits="55" branch="false"/>
						<line number="64" hits="1" branch="false"/>
						<line number="74" hits="11" branch="true" condition-coverage="100% (4/4)">
							<conditions>
								<condition number="0" type="jump" coverage="100%"/>
								<condition number="1" type="jump" coverage="100%"/>
							</conditions>
						</line>
						<line number="76" hits="11" branch="false"/>
						<line number="78" hits="11" branch="false"/>
						<line number="89" hits="8" branch="false"/>
						<line number="102" hits="8" branch="true" condition-coverage="100% (2/2)">
							<conditions>
								<condition number="0" type="jump" coverage="100%"/>
							</conditions>
						</line>
						<line number="104" hits="8" branch="false"/>
						<line number="106" hits="8" branch="false"/>
						<line number="120" hits="12" branch="false"/>
						<line number="121" hits="11" branch="false"/>
						<line number="122" hits="9" branch="false"/>
						<line number="123" hits="5" branch="false"/>
						<line number="125" hits="1" branch="false"/>
						<line number="127" hits="1" branch="false"/>
						<line number="128" hits="1" branch="false"/>
						<line number="141" hits="7" branch="false"/>
						<line number="143" hits="6" branch="false"/>
						<line number="145" hits="6" branch="false"/>
						<line number="146" hits="1" branch="false"/>
						<line number="161" hits="3" branch="false"/>
						<line number="162" hits="2" branch="false"/>
						<line number="164" hits="1" branch="false"/>
						<line number="165" hits="1" branch="false"/>
						<line number="167" hits="1" branch="false"/>
						<line number="169" hits="1" branch="false"/>
						<line number="171" hits="1" branch="false"/>
						<line number="183" hits="4" branch="false"/>
						<line number="184" hits="3" branch="false"/>
						<line number="186" hits="1" branch="false"/>
						<line number="188" hits="1" branch="false"/>
						<line number="190" hits="1" branch="false"/>
						<line number="202" hits="16" branch="false"/>
						<line number="204" hits="19" branch="false"/>
						<line number="205" hits="16" branch="false"/>
						<line number="207" hits="13" branch="false"/>
						<line number="208" hits="16" branch="true" condition-coverage="75% (3/4)">
							<conditions>
								<condition number="0" type="jump" coverage="50%"/>
								<condition number="1" type="jump" coverage="100%"/>
							</conditions>
						</line>
						<line number="209" hits="3" branch="false"/>
						<line number="211" hits="3" branch="false"/>
						<line number="213" hits="16" branch="false"/>
						<line number="225" hits="14" branch="false"/>
						<line number="236" hits="1" branch="false"/>
						<line number="248" hits="8" branch="false"/>
						<line number="249" hits="8" branch="false"/>
						<line number="260" hits="5" branch="false"/>
						<line number="261" hits="5" branch="false"/>
						<line number="272" hits="9" branch="true" condition-coverage="100% (2/2)">
							<conditions>
								<condition number="0" type="jump" coverage="100%"/>
							</conditions>
						</line>
						<line number="273" hits="2" branch="false"/>
						<line number="275" hits="9" branch="false"/>
						<line number="286" hits="7" branch="false"/>
						<line number="287" hits="7" branch="false"/>
						<line number="298" hits="2" branch="false"/>
						<line number="310" hits="1" branch="false"/>
						<line number="316" hits="1" branch="false"/>
						<line number="317" hits="1" branch="false"/>
					</lines>
				</class>
			</classes>
		</package>
	</packages>
</coverage>
